mode: set
example/project-management-system/internal/handlers/comment_handler.go:24.87,26.2 1 0
example/project-management-system/internal/handlers/comment_handler.go:40.94,42.65 2 0
example/project-management-system/internal/handlers/comment_handler.go:42.65,45.3 2 0
example/project-management-system/internal/handlers/comment_handler.go:47.2,47.71 1 0
example/project-management-system/internal/handlers/comment_handler.go:47.71,50.3 2 0
example/project-management-system/internal/handlers/comment_handler.go:52.2,52.52 1 0
example/project-management-system/internal/handlers/comment_handler.go:66.95,68.27 2 0
example/project-management-system/internal/handlers/comment_handler.go:68.27,71.3 2 0
example/project-management-system/internal/handlers/comment_handler.go:73.2,74.16 2 0
example/project-management-system/internal/handlers/comment_handler.go:74.16,77.3 2 0
example/project-management-system/internal/handlers/comment_handler.go:79.2,79.47 1 0
example/project-management-system/internal/handlers/comment_handler.go:94.98,102.15 6 0
example/project-management-system/internal/handlers/comment_handler.go:102.15,104.3 1 0
example/project-management-system/internal/handlers/comment_handler.go:105.2,105.19 1 0
example/project-management-system/internal/handlers/comment_handler.go:105.19,107.3 1 0
example/project-management-system/internal/handlers/comment_handler.go:109.2,110.16 2 0
example/project-management-system/internal/handlers/comment_handler.go:110.16,113.3 2 0
example/project-management-system/internal/handlers/comment_handler.go:115.2,119.4 1 0
example/project-management-system/internal/handlers/comment_handler.go:133.94,135.27 2 0
example/project-management-system/internal/handlers/comment_handler.go:135.27,138.3 2 0
example/project-management-system/internal/handlers/comment_handler.go:140.2,140.71 1 0
example/project-management-system/internal/handlers/comment_handler.go:140.71,143.3 2 0
example/project-management-system/internal/handlers/comment_handler.go:145.2,145.100 1 0
example/project-management-system/internal/handlers/project_handler.go:26.87,28.2 1 0
example/project-management-system/internal/handlers/project_handler.go:43.94,44.33 1 0
example/project-management-system/internal/handlers/project_handler.go:44.33,47.3 2 0
example/project-management-system/internal/handlers/project_handler.go:49.2,50.65 2 0
example/project-management-system/internal/handlers/project_handler.go:50.65,53.3 2 0
example/project-management-system/internal/handlers/project_handler.go:55.2,55.71 1 0
example/project-management-system/internal/handlers/project_handler.go:55.71,58.3 2 0
example/project-management-system/internal/handlers/project_handler.go:60.2,60.52 1 0
example/project-management-system/internal/handlers/project_handler.go:75.95,81.15 4 0
example/project-management-system/internal/handlers/project_handler.go:81.15,83.3 1 0
example/project-management-system/internal/handlers/project_handler.go:85.2,86.19 2 0
example/project-management-system/internal/handlers/project_handler.go:86.19,88.3 1 0
example/project-management-system/internal/handlers/project_handler.go:90.2,91.16 2 0
example/project-management-system/internal/handlers/project_handler.go:91.16,94.3 2 0
example/project-management-system/internal/handlers/project_handler.go:96.2,100.4 1 0
example/project-management-system/internal/handlers/project_handler.go:115.95,116.32 1 0
example/project-management-system/internal/handlers/project_handler.go:116.32,119.3 2 0
example/project-management-system/internal/handlers/project_handler.go:121.2,122.27 2 0
example/project-management-system/internal/handlers/project_handler.go:122.27,125.3 2 0
example/project-management-system/internal/handlers/project_handler.go:127.2,128.16 2 0
example/project-management-system/internal/handlers/project_handler.go:128.16,131.3 2 0
example/project-management-system/internal/handlers/project_handler.go:133.2,133.47 1 0
example/project-management-system/internal/handlers/project_handler.go:150.94,152.27 2 0
example/project-management-system/internal/handlers/project_handler.go:152.27,155.3 2 0
example/project-management-system/internal/handlers/project_handler.go:157.2,158.65 2 0
example/project-management-system/internal/handlers/project_handler.go:158.65,161.3 2 0
example/project-management-system/internal/handlers/project_handler.go:163.2,164.71 2 0
example/project-management-system/internal/handlers/project_handler.go:164.71,167.3 2 0
example/project-management-system/internal/handlers/project_handler.go:169.2,169.47 1 0
example/project-management-system/internal/handlers/project_handler.go:184.94,186.27 2 0
example/project-management-system/internal/handlers/project_handler.go:186.27,189.3 2 0
example/project-management-system/internal/handlers/project_handler.go:191.2,191.71 1 0
example/project-management-system/internal/handlers/project_handler.go:191.71,194.3 2 0
example/project-management-system/internal/handlers/project_handler.go:196.2,196.100 1 0
example/project-management-system/internal/handlers/project_handler.go:211.99,213.27 2 0
example/project-management-system/internal/handlers/project_handler.go:213.27,216.3 2 0
example/project-management-system/internal/handlers/project_handler.go:218.2,219.16 2 0
example/project-management-system/internal/handlers/project_handler.go:219.16,222.3 2 0
example/project-management-system/internal/handlers/project_handler.go:224.2,224.45 1 0
example/project-management-system/internal/handlers/task_handler.go:25.78,27.2 1 0
example/project-management-system/internal/handlers/task_handler.go:41.88,43.62 2 0
example/project-management-system/internal/handlers/task_handler.go:43.62,46.3 2 0
example/project-management-system/internal/handlers/task_handler.go:48.2,48.65 1 0
example/project-management-system/internal/handlers/task_handler.go:48.65,51.3 2 0
example/project-management-system/internal/handlers/task_handler.go:53.2,53.49 1 0
example/project-management-system/internal/handlers/task_handler.go:67.89,69.27 2 0
example/project-management-system/internal/handlers/task_handler.go:69.27,72.3 2 0
example/project-management-system/internal/handlers/task_handler.go:74.2,75.16 2 0
example/project-management-system/internal/handlers/task_handler.go:75.16,78.3 2 0
example/project-management-system/internal/handlers/task_handler.go:80.2,80.44 1 0
example/project-management-system/internal/handlers/task_handler.go:97.95,105.15 6 0
example/project-management-system/internal/handlers/task_handler.go:105.15,107.3 1 0
example/project-management-system/internal/handlers/task_handler.go:108.2,108.19 1 0
example/project-management-system/internal/handlers/task_handler.go:108.19,110.3 1 0
example/project-management-system/internal/handlers/task_handler.go:112.2,113.16 2 0
example/project-management-system/internal/handlers/task_handler.go:113.16,116.3 2 0
example/project-management-system/internal/handlers/task_handler.go:118.2,122.4 1 0
example/project-management-system/internal/handlers/task_handler.go:137.88,139.62 2 0
example/project-management-system/internal/handlers/task_handler.go:139.62,142.3 2 0
example/project-management-system/internal/handlers/task_handler.go:144.2,144.65 1 0
example/project-management-system/internal/handlers/task_handler.go:144.65,147.3 2 0
example/project-management-system/internal/handlers/task_handler.go:149.2,149.44 1 0
example/project-management-system/internal/handlers/task_handler.go:163.88,165.27 2 0
example/project-management-system/internal/handlers/task_handler.go:165.27,168.3 2 0
example/project-management-system/internal/handlers/task_handler.go:170.2,170.68 1 0
example/project-management-system/internal/handlers/task_handler.go:170.68,173.3 2 0
example/project-management-system/internal/handlers/task_handler.go:175.2,175.97 1 0
example/project-management-system/internal/handlers/team_handler.go:25.78,27.2 1 0
example/project-management-system/internal/handlers/team_handler.go:41.88,43.62 2 0
example/project-management-system/internal/handlers/team_handler.go:43.62,46.3 2 0
example/project-management-system/internal/handlers/team_handler.go:48.2,48.65 1 0
example/project-management-system/internal/handlers/team_handler.go:48.65,51.3 2 0
example/project-management-system/internal/handlers/team_handler.go:53.2,53.49 1 0
example/project-management-system/internal/handlers/team_handler.go:104.89,106.27 2 0
example/project-management-system/internal/handlers/team_handler.go:106.27,109.3 2 0
example/project-management-system/internal/handlers/team_handler.go:111.2,112.16 2 0
example/project-management-system/internal/handlers/team_handler.go:112.16,115.3 2 0
example/project-management-system/internal/handlers/team_handler.go:117.2,117.44 1 0
example/project-management-system/internal/handlers/team_handler.go:132.95,139.15 5 0
example/project-management-system/internal/handlers/team_handler.go:139.15,141.3 1 0
example/project-management-system/internal/handlers/team_handler.go:142.2,142.19 1 0
example/project-management-system/internal/handlers/team_handler.go:142.19,144.3 1 0
example/project-management-system/internal/handlers/team_handler.go:146.2,147.16 2 0
example/project-management-system/internal/handlers/team_handler.go:147.16,150.3 2 0
example/project-management-system/internal/handlers/team_handler.go:152.2,156.4 1 0
example/project-management-system/internal/handlers/team_handler.go:173.88,175.62 2 0
example/project-management-system/internal/handlers/team_handler.go:175.62,178.3 2 0
example/project-management-system/internal/handlers/team_handler.go:180.2,180.65 1 0
example/project-management-system/internal/handlers/team_handler.go:180.65,183.3 2 0
example/project-management-system/internal/handlers/team_handler.go:185.2,185.44 1 0
example/project-management-system/internal/handlers/team_handler.go:200.88,202.27 2 0
example/project-management-system/internal/handlers/team_handler.go:202.27,205.3 2 0
example/project-management-system/internal/handlers/team_handler.go:207.2,207.68 1 0
example/project-management-system/internal/handlers/team_handler.go:207.68,210.3 2 0
example/project-management-system/internal/handlers/team_handler.go:212.2,212.97 1 0
example/project-management-system/internal/handlers/user_handler.go:35.82,39.2 1 1
example/project-management-system/internal/handlers/user_handler.go:61.88,64.28 3 1
example/project-management-system/internal/handlers/user_handler.go:64.28,67.3 2 0
example/project-management-system/internal/handlers/user_handler.go:69.2,69.16 1 1
example/project-management-system/internal/handlers/user_handler.go:69.16,72.3 2 0
example/project-management-system/internal/handlers/user_handler.go:74.2,74.53 1 1
example/project-management-system/internal/handlers/user_handler.go:74.53,78.3 3 0
example/project-management-system/internal/handlers/user_handler.go:80.2,80.69 1 1
example/project-management-system/internal/handlers/user_handler.go:80.69,87.3 2 0
example/project-management-system/internal/handlers/user_handler.go:89.2,91.49 2 1
example/project-management-system/internal/handlers/user_handler.go:105.89,106.32 1 1
example/project-management-system/internal/handlers/user_handler.go:106.32,109.3 2 0
example/project-management-system/internal/handlers/user_handler.go:112.2,114.29 3 1
example/project-management-system/internal/handlers/user_handler.go:114.29,116.3 1 0
example/project-management-system/internal/handlers/user_handler.go:117.2,118.33 2 1
example/project-management-system/internal/handlers/user_handler.go:118.33,120.3 1 0
example/project-management-system/internal/handlers/user_handler.go:122.2,123.16 2 1
example/project-management-system/internal/handlers/user_handler.go:123.16,126.3 2 0
example/project-management-system/internal/handlers/user_handler.go:128.2,132.4 1 1
example/project-management-system/internal/handlers/user_handler.go:146.89,153.16 7 1
example/project-management-system/internal/handlers/user_handler.go:153.16,156.3 2 0
example/project-management-system/internal/handlers/user_handler.go:158.2,160.38 2 1
example/project-management-system/internal/handlers/user_handler.go:160.38,163.3 2 0
example/project-management-system/internal/handlers/user_handler.go:165.2,166.16 2 1
example/project-management-system/internal/handlers/user_handler.go:166.16,169.3 2 0
example/project-management-system/internal/handlers/user_handler.go:171.2,171.44 1 1
example/project-management-system/internal/handlers/user_handler.go:185.88,187.16 2 1
example/project-management-system/internal/handlers/user_handler.go:187.16,190.3 2 0
example/project-management-system/internal/handlers/user_handler.go:192.2,194.38 2 1
example/project-management-system/internal/handlers/user_handler.go:194.38,197.3 2 0
example/project-management-system/internal/handlers/user_handler.go:199.2,200.16 2 1
example/project-management-system/internal/handlers/user_handler.go:200.16,203.3 2 0
example/project-management-system/internal/handlers/user_handler.go:205.2,205.96 1 1
example/project-management-system/internal/handlers/user_project_handler.go:21.103,25.2 1 0
example/project-management-system/internal/handlers/user_project_handler.go:36.100,38.16 2 0
example/project-management-system/internal/handlers/user_project_handler.go:38.16,41.3 2 0
example/project-management-system/internal/handlers/user_project_handler.go:43.2,44.16 2 0
example/project-management-system/internal/handlers/user_project_handler.go:44.16,47.3 2 0
example/project-management-system/internal/handlers/user_project_handler.go:50.2,50.99 1 0
example/project-management-system/internal/handlers/user_project_handler.go:50.99,53.3 2 0
example/project-management-system/internal/handlers/user_project_handler.go:55.2,55.64 1 0
